2018-11-20 02:51:23 Error: [MissingHelperException] Helper class FlashHelper could not be found.
Exception Attributes: array (
  'class' => 'FlashHelper',
  'plugin' => false,
)
Request URL: /proyecto/
Stack Trace:
#0 C:\wamp64\www\proyecto\lib\Cake\View\HelperCollection.php(63): HelperCollection->load('Flash')
#1 C:\wamp64\www\proyecto\lib\Cake\View\View.php(837): HelperCollection->__isset('Flash')
#2 C:\wamp64\www\proyecto\app\View\Layouts\default.ctp(46): View->__get('Flash')
#3 C:\wamp64\www\proyecto\lib\Cake\View\View.php(948): include('C:\\wamp64\\www\\p...')
#4 C:\wamp64\www\proyecto\lib\Cake\View\View.php(910): View->_evaluate('C:\\wamp64\\www\\p...', Array)
#5 C:\wamp64\www\proyecto\lib\Cake\View\View.php(542): View->_render('C:\\wamp64\\www\\p...')
#6 C:\wamp64\www\proyecto\lib\Cake\View\View.php(479): View->renderLayout('', 'default')
#7 C:\wamp64\www\proyecto\lib\Cake\Controller\Controller.php(954): View->render('home', NULL)
#8 C:\wamp64\www\proyecto\app\Controller\PagesController.php(69): Controller->render('home')
#9 [internal function]: PagesController->display('home')
#10 C:\wamp64\www\proyecto\lib\Cake\Controller\Controller.php(490): ReflectionMethod->invokeArgs(Object(PagesController), Array)
#11 C:\wamp64\www\proyecto\lib\Cake\Routing\Dispatcher.php(191): Controller->invokeAction(Object(CakeRequest))
#12 C:\wamp64\www\proyecto\lib\Cake\Routing\Dispatcher.php(165): Dispatcher->_invoke(Object(PagesController), Object(CakeRequest))
#13 C:\wamp64\www\proyecto\app\webroot\index.php(108): Dispatcher->dispatch(Object(CakeRequest), Object(CakeResponse))
#14 {main}
2018-11-20 02:51:23 Error: [MissingControllerException] Controller class Favicon.pngController could not be found.
Exception Attributes: array (
  'class' => 'Favicon.pngController',
  'plugin' => NULL,
)
Request URL: /proyecto/favicon.png
Stack Trace:
#0 C:\wamp64\www\proyecto\app\webroot\index.php(108): Dispatcher->dispatch(Object(CakeRequest), Object(CakeResponse))
#1 {main}
2018-11-20 02:53:22 Error: [MissingViewException] View file "C:\wamp64\www\proyecto\app\View\Pages\display.ctp" is missing.
Exception Attributes: array (
  'file' => 'C:\\wamp64\\www\\proyecto\\app\\View\\Pages\\display.ctp',
)
Request URL: /proyecto/
Stack Trace:
#0 C:\wamp64\www\proyecto\lib\Cake\View\View.php(468): View->_getViewFileName(NULL)
#1 C:\wamp64\www\proyecto\app\View\Layouts\default.ctp(46): View->render()
#2 C:\wamp64\www\proyecto\lib\Cake\View\View.php(948): include('C:\\wamp64\\www\\p...')
#3 C:\wamp64\www\proyecto\lib\Cake\View\View.php(910): View->_evaluate('C:\\wamp64\\www\\p...', Array)
#4 C:\wamp64\www\proyecto\lib\Cake\View\View.php(542): View->_render('C:\\wamp64\\www\\p...')
#5 C:\wamp64\www\proyecto\lib\Cake\View\View.php(479): View->renderLayout('', 'default')
#6 C:\wamp64\www\proyecto\lib\Cake\Controller\Controller.php(954): View->render('home', NULL)
#7 C:\wamp64\www\proyecto\app\Controller\PagesController.php(69): Controller->render('home')
#8 [internal function]: PagesController->display('home')
#9 C:\wamp64\www\proyecto\lib\Cake\Controller\Controller.php(490): ReflectionMethod->invokeArgs(Object(PagesController), Array)
#10 C:\wamp64\www\proyecto\lib\Cake\Routing\Dispatcher.php(191): Controller->invokeAction(Object(CakeRequest))
#11 C:\wamp64\www\proyecto\lib\Cake\Routing\Dispatcher.php(165): Dispatcher->_invoke(Object(PagesController), Object(CakeRequest))
#12 C:\wamp64\www\proyecto\app\webroot\index.php(108): Dispatcher->dispatch(Object(CakeRequest), Object(CakeResponse))
#13 {main}
2018-11-20 02:53:42 Error: Fatal Error (1): Allowed memory size of 134217728 bytes exhausted (tried to allocate 4604636 bytes) in [C:\wamp64\www\proyecto\lib\Cake\Cache\Engine\FileEngine.php, line 135]
2018-11-20 02:53:42 Error: [FatalErrorException] Allowed memory size of 134217728 bytes exhausted (tried to allocate 4604636 bytes)
Request URL: /proyecto/
Stack Trace:
#0 C:\wamp64\www\proyecto\lib\Cake\Error\ErrorHandler.php(203): ErrorHandler::handleFatalError(1, 'Allowed memory ...', 'C:\\wamp64\\www\\p...', 135)
#1 [internal function]: ErrorHandler::handleError(1, 'Allowed memory ...', 'C:\\wamp64\\www\\p...', 135, Array)
#2 C:\wamp64\www\proyecto\lib\Cake\Core\App.php(931): call_user_func('ErrorHandler::h...', 1, 'Allowed memory ...', 'C:\\wamp64\\www\\p...', 135, Array)
#3 C:\wamp64\www\proyecto\lib\Cake\Core\App.php(904): App::_checkFatalError()
#4 [internal function]: App::shutdown()
#5 {main}
2018-11-20 02:54:16 Error: [MissingViewException] View file "C:\wamp64\www\proyecto\app\View\Pages\display.ctp" is missing.
Exception Attributes: array (
  'file' => 'C:\\wamp64\\www\\proyecto\\app\\View\\Pages\\display.ctp',
)
Request URL: /proyecto/
Stack Trace:
#0 C:\wamp64\www\proyecto\lib\Cake\View\View.php(468): View->_getViewFileName(NULL)
#1 C:\wamp64\www\proyecto\app\View\Layouts\default.ctp(46): View->render()
#2 C:\wamp64\www\proyecto\lib\Cake\View\View.php(948): include('C:\\wamp64\\www\\p...')
#3 C:\wamp64\www\proyecto\lib\Cake\View\View.php(910): View->_evaluate('C:\\wamp64\\www\\p...', Array)
#4 C:\wamp64\www\proyecto\lib\Cake\View\View.php(542): View->_render('C:\\wamp64\\www\\p...')
#5 C:\wamp64\www\proyecto\lib\Cake\View\View.php(479): View->renderLayout('', 'default')
#6 C:\wamp64\www\proyecto\lib\Cake\Controller\Controller.php(954): View->render('home', NULL)
#7 C:\wamp64\www\proyecto\app\Controller\PagesController.php(69): Controller->render('home')
#8 [internal function]: PagesController->display('home')
#9 C:\wamp64\www\proyecto\lib\Cake\Controller\Controller.php(490): ReflectionMethod->invokeArgs(Object(PagesController), Array)
#10 C:\wamp64\www\proyecto\lib\Cake\Routing\Dispatcher.php(191): Controller->invokeAction(Object(CakeRequest))
#11 C:\wamp64\www\proyecto\lib\Cake\Routing\Dispatcher.php(165): Dispatcher->_invoke(Object(PagesController), Object(CakeRequest))
#12 C:\wamp64\www\proyecto\app\webroot\index.php(108): Dispatcher->dispatch(Object(CakeRequest), Object(CakeResponse))
#13 {main}
2018-11-20 02:54:37 Error: Fatal Error (1): Allowed memory size of 134217728 bytes exhausted (tried to allocate 4677710 bytes) in [C:\wamp64\www\proyecto\lib\Cake\Cache\Engine\FileEngine.php, line 135]
2018-11-20 02:54:37 Error: [FatalErrorException] Allowed memory size of 134217728 bytes exhausted (tried to allocate 4677710 bytes)
Request URL: /proyecto/
Stack Trace:
#0 C:\wamp64\www\proyecto\lib\Cake\Error\ErrorHandler.php(203): ErrorHandler::handleFatalError(1, 'Allowed memory ...', 'C:\\wamp64\\www\\p...', 135)
#1 [internal function]: ErrorHandler::handleError(1, 'Allowed memory ...', 'C:\\wamp64\\www\\p...', 135, Array)
#2 C:\wamp64\www\proyecto\lib\Cake\Core\App.php(931): call_user_func('ErrorHandler::h...', 1, 'Allowed memory ...', 'C:\\wamp64\\www\\p...', 135, Array)
#3 C:\wamp64\www\proyecto\lib\Cake\Core\App.php(904): App::_checkFatalError()
#4 [internal function]: App::shutdown()
#5 {main}
2018-11-20 02:55:27 Error: [MissingViewException] View file "C:\wamp64\www\proyecto\app\View\Pages\Pages\home.ctp.ctp" is missing.
Exception Attributes: array (
  'file' => 'C:\\wamp64\\www\\proyecto\\app\\View\\Pages\\Pages\\home.ctp.ctp',
)
Request URL: /proyecto/
Stack Trace:
#0 C:\wamp64\www\proyecto\lib\Cake\View\View.php(468): View->_getViewFileName('Pages/home.ctp')
#1 C:\wamp64\www\proyecto\app\View\Layouts\default.ctp(46): View->render('Pages/home.ctp')
#2 C:\wamp64\www\proyecto\lib\Cake\View\View.php(948): include('C:\\wamp64\\www\\p...')
#3 C:\wamp64\www\proyecto\lib\Cake\View\View.php(910): View->_evaluate('C:\\wamp64\\www\\p...', Array)
#4 C:\wamp64\www\proyecto\lib\Cake\View\View.php(542): View->_render('C:\\wamp64\\www\\p...')
#5 C:\wamp64\www\proyecto\lib\Cake\View\View.php(479): View->renderLayout('', 'default')
#6 C:\wamp64\www\proyecto\lib\Cake\Controller\Controller.php(954): View->render('home', NULL)
#7 C:\wamp64\www\proyecto\app\Controller\PagesController.php(69): Controller->render('home')
#8 [internal function]: PagesController->display('home')
#9 C:\wamp64\www\proyecto\lib\Cake\Controller\Controller.php(490): ReflectionMethod->invokeArgs(Object(PagesController), Array)
#10 C:\wamp64\www\proyecto\lib\Cake\Routing\Dispatcher.php(191): Controller->invokeAction(Object(CakeRequest))
#11 C:\wamp64\www\proyecto\lib\Cake\Routing\Dispatcher.php(165): Dispatcher->_invoke(Object(PagesController), Object(CakeRequest))
#12 C:\wamp64\www\proyecto\app\webroot\index.php(108): Dispatcher->dispatch(Object(CakeRequest), Object(CakeResponse))
#13 {main}
2018-11-20 02:56:04 Error: Fatal Error (1): Allowed memory size of 134217728 bytes exhausted (tried to allocate 5644377 bytes) in [C:\wamp64\www\proyecto\lib\Cake\Cache\Engine\FileEngine.php, line 135]
2018-11-20 02:56:04 Error: [FatalErrorException] Allowed memory size of 134217728 bytes exhausted (tried to allocate 5644377 bytes)
Request URL: /proyecto/
Stack Trace:
#0 C:\wamp64\www\proyecto\lib\Cake\Error\ErrorHandler.php(203): ErrorHandler::handleFatalError(1, 'Allowed memory ...', 'C:\\wamp64\\www\\p...', 135)
#1 [internal function]: ErrorHandler::handleError(1, 'Allowed memory ...', 'C:\\wamp64\\www\\p...', 135, Array)
#2 C:\wamp64\www\proyecto\lib\Cake\Core\App.php(931): call_user_func('ErrorHandler::h...', 1, 'Allowed memory ...', 'C:\\wamp64\\www\\p...', 135, Array)
#3 C:\wamp64\www\proyecto\lib\Cake\Core\App.php(904): App::_checkFatalError()
#4 [internal function]: App::shutdown()
#5 {main}
2018-11-20 02:58:23 Error: [MissingViewException] View file "C:\wamp64\www\proyecto\app\View\Pages\home.ctp.ctp" is missing.
Exception Attributes: array (
  'file' => 'C:\\wamp64\\www\\proyecto\\app\\View\\Pages\\home.ctp.ctp',
)
Request URL: /proyecto/
Stack Trace:
#0 C:\wamp64\www\proyecto\lib\Cake\View\View.php(468): View->_getViewFileName('home.ctp')
#1 C:\wamp64\www\proyecto\app\View\Layouts\default.ctp(46): View->render('home.ctp')
#2 C:\wamp64\www\proyecto\lib\Cake\View\View.php(948): include('C:\\wamp64\\www\\p...')
#3 C:\wamp64\www\proyecto\lib\Cake\View\View.php(910): View->_evaluate('C:\\wamp64\\www\\p...', Array)
#4 C:\wamp64\www\proyecto\lib\Cake\View\View.php(542): View->_render('C:\\wamp64\\www\\p...')
#5 C:\wamp64\www\proyecto\lib\Cake\View\View.php(479): View->renderLayout('', 'default')
#6 C:\wamp64\www\proyecto\lib\Cake\Controller\Controller.php(954): View->render('home', NULL)
#7 C:\wamp64\www\proyecto\app\Controller\PagesController.php(69): Controller->render('home')
#8 [internal function]: PagesController->display('home')
#9 C:\wamp64\www\proyecto\lib\Cake\Controller\Controller.php(490): ReflectionMethod->invokeArgs(Object(PagesController), Array)
#10 C:\wamp64\www\proyecto\lib\Cake\Routing\Dispatcher.php(191): Controller->invokeAction(Object(CakeRequest))
#11 C:\wamp64\www\proyecto\lib\Cake\Routing\Dispatcher.php(165): Dispatcher->_invoke(Object(PagesController), Object(CakeRequest))
#12 C:\wamp64\www\proyecto\app\webroot\index.php(108): Dispatcher->dispatch(Object(CakeRequest), Object(CakeResponse))
#13 {main}
2018-11-20 02:59:01 Error: Fatal Error (1): Allowed memory size of 134217728 bytes exhausted (tried to allocate 5620587 bytes) in [C:\wamp64\www\proyecto\lib\Cake\Cache\Engine\FileEngine.php, line 135]
2018-11-20 02:59:01 Error: [FatalErrorException] Allowed memory size of 134217728 bytes exhausted (tried to allocate 5620587 bytes)
Request URL: /proyecto/
Stack Trace:
#0 C:\wamp64\www\proyecto\lib\Cake\Error\ErrorHandler.php(203): ErrorHandler::handleFatalError(1, 'Allowed memory ...', 'C:\\wamp64\\www\\p...', 135)
#1 [internal function]: ErrorHandler::handleError(1, 'Allowed memory ...', 'C:\\wamp64\\www\\p...', 135, Array)
#2 C:\wamp64\www\proyecto\lib\Cake\Core\App.php(931): call_user_func('ErrorHandler::h...', 1, 'Allowed memory ...', 'C:\\wamp64\\www\\p...', 135, Array)
#3 C:\wamp64\www\proyecto\lib\Cake\Core\App.php(904): App::_checkFatalError()
#4 [internal function]: App::shutdown()
#5 {main}
